<?xml version="1.0" encoding="UTF-8"?>
<!-- Generated by org.testng.reporters.JUnitXMLReporter -->
<testsuite hostname="0-187" ignored="0" name="Test" tests="2" failures="1" timestamp="05 三月 2019 09:11:34 GMT" time="5.276" errors="0">
  <testcase name="f" time="5.244" classname="yt.NewTest"/>
  <testcase name="f" time="0.004" classname="yt.NewTest2">
    <failure type="java.lang.AssertionError" message="expected [true] but found [false]">
      <![CDATA[java.lang.AssertionError: expected [true] but found [false]
at yt.NewTest2.f(NewTest2.java:9)
... Removed 29 stack frames]]>
    </failure>
  </testcase> <!-- f -->
</testsuite> <!-- Test -->
