<?xml version="1.0" encoding="UTF-8"?>
<!-- Generated by org.testng.reporters.JUnitXMLReporter -->
<testsuite hostname="0-187" ignored="0" name="Test" tests="3" failures="1" timestamp="13 三月 2019 01:51:29 GMT" time="0.044" errors="0">
  <testcase name="checkcontent" time="0.012" classname="yt.contentManagement">
    <failure type="java.lang.AssertionError" message="expected [true] but found [false]">
      <![CDATA[java.lang.AssertionError: expected [true] but found [false]
at yt.contentManagement.checkcontent(contentManagement.java:16)
... Removed 29 stack frames]]>
    </failure>
  </testcase> <!-- checkcontent -->
  <testcase name="createschool" time="0.002" classname="yt.schoolManagement"/>
  <testcase name="checkuser" time="0.001" classname="yt.userManagement"/>
</testsuite> <!-- Test -->
