<?xml version="1.0" encoding="UTF-8"?>
<testng-results skipped="0" failed="0" ignored="0" total="1" passed="1">
  <reporter-output>
  </reporter-output>
  <suite name="Suite" duration-ms="34" started-at="2019-03-05T02:21:54Z" finished-at="2019-03-05T02:21:54Z">
    <groups>
    </groups>
    <test name="Test" duration-ms="34" started-at="2019-03-05T02:21:54Z" finished-at="2019-03-05T02:21:54Z">
      <class name="yt.NewTest">
        <test-method status="PASS" signature="f()[pri:0, instance:yt.NewTest@4516af24]" name="f" duration-ms="10" started-at="2019-03-05T02:21:54Z" finished-at="2019-03-05T02:21:54Z">
          <reporter-output>
          </reporter-output>
        </test-method> <!-- f -->
      </class> <!-- yt.NewTest -->
    </test> <!-- Test -->
  </suite> <!-- Suite -->
</testng-results>
