<?xml version="1.0" encoding="UTF-8"?>
<testng-results skipped="0" failed="0" ignored="0" total="1" passed="1">
  <reporter-output>
  </reporter-output>
  <suite name="Default suite" duration-ms="4204" started-at="2019-03-02T06:57:17Z" finished-at="2019-03-02T06:57:21Z">
    <groups>
    </groups>
    <test name="Default test" duration-ms="4204" started-at="2019-03-02T06:57:17Z" finished-at="2019-03-02T06:57:21Z">
      <class name="forphant.phant">
        <test-method status="PASS" signature="f()[pri:0, instance:forphant.phant@7823a2f9]" name="f" duration-ms="3335" started-at="2019-03-02T06:57:17Z" finished-at="2019-03-02T06:57:20Z">
          <reporter-output>
          </reporter-output>
        </test-method> <!-- f -->
        <test-method status="PASS" signature="b()[pri:0, instance:forphant.phant@7823a2f9]" name="b" is-config="true" duration-ms="851" started-at="2019-03-02T06:57:20Z" finished-at="2019-03-02T06:57:21Z">
          <reporter-output>
          </reporter-output>
        </test-method> <!-- b -->
      </class> <!-- forphant.phant -->
    </test> <!-- Default test -->
  </suite> <!-- Default suite -->
</testng-results>
